<?xml version="1.0" encoding="UTF-8"?>
<!-- Generated by org.testng.reporters.JUnitXMLReporter -->
<testsuite ignored="0" hostname="SamaLaptop23" failures="0" tests="0" name="Default test" time="0.712" errors="0" timestamp="2023-10-22T14:12:19 EDT">
  <testcase classname="io.cucumber.testng.AbstractTestNGCucumberTests" name="@BeforeClass setUpClass" time="0.584">
    <failure type="java.lang.IllegalArgumentException" message="Couldn&amp;apos;t get the canonical file of &amp;apos;html:target\cucumber-reports\cucumberreport1.json&amp;apos;.
The details are in the stack trace below:">
      <![CDATA[java.lang.IllegalArgumentException: Couldn't get the canonical file of 'html:target\cucumber-reports\cucumberreport1.json'.
The details are in the stack trace below:
at io.cucumber.core.plugin.PluginFactory.createFileOutputStream(PluginFactory.java:208)
at io.cucumber.core.plugin.PluginFactory.openStream(PluginFactory.java:199)
at io.cucumber.core.plugin.PluginFactory.convert(PluginFactory.java:166)
at io.cucumber.core.plugin.PluginFactory.instantiate(PluginFactory.java:99)
at io.cucumber.core.plugin.PluginFactory.create(PluginFactory.java:63)
at io.cucumber.core.plugin.Plugins.createPlugins(Plugins.java:32)
at io.cucumber.core.plugin.Plugins.<init>(Plugins.java:25)
at io.cucumber.testng.TestNGCucumberRunner.<init>(TestNGCucumberRunner.java:108)
at io.cucumber.testng.AbstractTestNGCucumberTests.setUpClass(AbstractTestNGCucumberTests.java:27)
at java.base/jdk.internal.reflect.DirectMethodHandleAccessor.invoke(DirectMethodHandleAccessor.java:104)
at java.base/java.lang.reflect.Method.invoke(Method.java:578)
at org.testng.internal.invokers.MethodInvocationHelper.invokeMethod(MethodInvocationHelper.java:139)
at org.testng.internal.invokers.MethodInvocationHelper.invokeMethodConsideringTimeout(MethodInvocationHelper.java:69)
at org.testng.internal.invokers.ConfigInvoker.invokeConfigurationMethod(ConfigInvoker.java:390)
at org.testng.internal.invokers.ConfigInvoker.invokeConfigurations(ConfigInvoker.java:325)
at org.testng.internal.invokers.TestMethodWorker.invokeBeforeClassMethods(TestMethodWorker.java:180)
at org.testng.internal.invokers.TestMethodWorker.run(TestMethodWorker.java:122)
at java.base/java.util.ArrayList.forEach(ArrayList.java:1511)
at org.testng.TestRunner.privateRun(TestRunner.java:848)
at org.testng.TestRunner.run(TestRunner.java:621)
at org.testng.SuiteRunner.runTest(SuiteRunner.java:443)
at org.testng.SuiteRunner.runSequentially(SuiteRunner.java:437)
at org.testng.SuiteRunner.privateRun(SuiteRunner.java:397)
at org.testng.SuiteRunner.run(SuiteRunner.java:336)
at org.testng.SuiteRunnerWorker.runSuite(SuiteRunnerWorker.java:52)
at org.testng.SuiteRunnerWorker.run(SuiteRunnerWorker.java:95)
at org.testng.TestNG.runSuitesSequentially(TestNG.java:1280)
at org.testng.TestNG.runSuitesLocally(TestNG.java:1200)
at org.testng.TestNG.runSuites(TestNG.java:1114)
at org.testng.TestNG.run(TestNG.java:1082)
at org.testng.remote.AbstractRemoteTestNG.run(AbstractRemoteTestNG.java:115)
at org.testng.remote.RemoteTestNG.initAndRun(RemoteTestNG.java:251)
at org.testng.remote.RemoteTestNG.main(RemoteTestNG.java:77)
Caused by: java.io.IOException: The filename, directory name, or volume label syntax is incorrect
at java.base/java.io.WinNTFileSystem.canonicalize0(Native Method)
at java.base/java.io.WinNTFileSystem.canonicalize(WinNTFileSystem.java:465)
at java.base/java.io.File.getCanonicalPath(File.java:626)
at java.base/java.io.File.getCanonicalFile(File.java:651)
at io.cucumber.core.plugin.PluginFactory.createFileOutputStream(PluginFactory.java:206)
... 32 more
]]>
    </failure>
  </testcase> <!-- @BeforeClass setUpClass -->
</testsuite> <!-- Default test -->
