<?xml version="1.0" encoding="UTF-8"?>
<testng-results ignored="0" total="4" passed="4" failed="0" skipped="0">
  <reporter-output>
  </reporter-output>
  <suite started-at="2023-10-22T13:09:39 EDT" name="Regression Testing Suite" finished-at="2023-10-22T13:10:18 EDT" duration-ms="38553">
    <groups>
      <group name="cucumber">
        <method signature="AbstractTestNGCucumberTests.runScenario(io.cucumber.testng.PickleWrapper,io.cucumber.testng.FeatureWrapper)[pri:0, instance:infynicucumberautomation.runners.Runner@52bf72b5]" name="runScenario" class="io.cucumber.testng.AbstractTestNGCucumberTests"/>
      </group> <!-- cucumber -->
    </groups>
    <test started-at="2023-10-22T13:09:39 EDT" name="Cucumber Test" finished-at="2023-10-22T13:10:18 EDT" duration-ms="38553">
      <class name="infynicucumberautomation.runners.Runner">
        <test-method is-config="true" signature="setUpClass(org.testng.ITestContext)[pri:0, instance:infynicucumberautomation.runners.Runner@52bf72b5]" started-at="2023-10-22T13:09:39 EDT" name="setUpClass" finished-at="2023-10-22T13:09:40 EDT" duration-ms="543" status="PASS">
          <params>
            <param index="0">
              <value>
                <![CDATA[org.testng.TestRunner@66f5b8fe]]>
              </value>
            </param>
          </params>
          <reporter-output>
          </reporter-output>
        </test-method> <!-- setUpClass -->
        <test-method signature="runScenario(io.cucumber.testng.PickleWrapper,io.cucumber.testng.FeatureWrapper)[pri:0, instance:infynicucumberautomation.runners.Runner@52bf72b5]" started-at="2023-10-22T13:09:40 EDT" name="runScenario" description="Runs Cucumber Scenarios" data-provider="scenarios" finished-at="2023-10-22T13:09:56 EDT" duration-ms="15879" status="PASS">
          <params>
            <param index="0">
              <value>
                <![CDATA["User should login successfully with valid data"]]>
              </value>
            </param>
            <param index="1">
              <value>
                <![CDATA["This feature runs for login page"]]>
              </value>
            </param>
          </params>
          <reporter-output>
          </reporter-output>
        </test-method> <!-- runScenario -->
        <test-method signature="runScenario(io.cucumber.testng.PickleWrapper,io.cucumber.testng.FeatureWrapper)[pri:0, instance:infynicucumberautomation.runners.Runner@52bf72b5]" started-at="2023-10-22T13:09:56 EDT" name="runScenario" description="Runs Cucumber Scenarios" data-provider="scenarios" finished-at="2023-10-22T13:10:01 EDT" duration-ms="5206" status="PASS">
          <params>
            <param index="0">
              <value>
                <![CDATA["User should not login with Invalid data"]]>
              </value>
            </param>
            <param index="1">
              <value>
                <![CDATA["This feature runs for login page"]]>
              </value>
            </param>
          </params>
          <reporter-output>
          </reporter-output>
        </test-method> <!-- runScenario -->
        <test-method signature="runScenario(io.cucumber.testng.PickleWrapper,io.cucumber.testng.FeatureWrapper)[pri:0, instance:infynicucumberautomation.runners.Runner@52bf72b5]" started-at="2023-10-22T13:10:01 EDT" name="runScenario" description="Runs Cucumber Scenarios" data-provider="scenarios" finished-at="2023-10-22T13:10:12 EDT" duration-ms="11099" status="PASS">
          <params>
            <param index="0">
              <value>
                <![CDATA["User should not login with Invalid data"]]>
              </value>
            </param>
            <param index="1">
              <value>
                <![CDATA["This feature runs for login page"]]>
              </value>
            </param>
          </params>
          <reporter-output>
          </reporter-output>
        </test-method> <!-- runScenario -->
        <test-method signature="runScenario(io.cucumber.testng.PickleWrapper,io.cucumber.testng.FeatureWrapper)[pri:0, instance:infynicucumberautomation.runners.Runner@52bf72b5]" started-at="2023-10-22T13:10:12 EDT" name="runScenario" description="Runs Cucumber Scenarios" data-provider="scenarios" finished-at="2023-10-22T13:10:18 EDT" duration-ms="5720" status="PASS">
          <params>
            <param index="0">
              <value>
                <![CDATA["User should not login with Invalid data"]]>
              </value>
            </param>
            <param index="1">
              <value>
                <![CDATA["This feature runs for login page"]]>
              </value>
            </param>
          </params>
          <reporter-output>
          </reporter-output>
        </test-method> <!-- runScenario -->
        <test-method is-config="true" signature="tearDownClass()[pri:0, instance:infynicucumberautomation.runners.Runner@52bf72b5]" started-at="2023-10-22T13:10:18 EDT" name="tearDownClass" finished-at="2023-10-22T13:10:18 EDT" duration-ms="46" status="PASS">
          <reporter-output>
          </reporter-output>
        </test-method> <!-- tearDownClass -->
      </class> <!-- infynicucumberautomation.runners.Runner -->
    </test> <!-- Cucumber Test -->
  </suite> <!-- Regression Testing Suite -->
</testng-results>
