<?xml version="1.0" encoding="UTF-8"?>
<testng-results ignored="0" total="4" passed="4" failed="0" skipped="0">
  <reporter-output>
  </reporter-output>
  <suite started-at="2023-10-20T07:23:18 EDT" name="Default suite" finished-at="2023-10-20T07:23:40 EDT" duration-ms="21290">
    <groups>
      <group name="cucumber">
        <method signature="AbstractTestNGCucumberTests.runScenario(io.cucumber.testng.PickleWrapper,io.cucumber.testng.FeatureWrapper)[pri:0, instance:infynicucumberautomation.runners.Runner@b2c9a9c]" name="runScenario" class="io.cucumber.testng.AbstractTestNGCucumberTests"/>
      </group> <!-- cucumber -->
    </groups>
    <test started-at="2023-10-20T07:23:18 EDT" name="Default test" finished-at="2023-10-20T07:23:40 EDT" duration-ms="21290">
      <class name="infynicucumberautomation.runners.Runner">
        <test-method is-config="true" signature="setUpClass(org.testng.ITestContext)[pri:0, instance:infynicucumberautomation.runners.Runner@b2c9a9c]" started-at="2023-10-20T07:23:18 EDT" name="setUpClass" finished-at="2023-10-20T07:23:19 EDT" duration-ms="346" status="PASS">
          <params>
            <param index="0">
              <value>
                <![CDATA[org.testng.TestRunner@68a305eb]]>
              </value>
            </param>
          </params>
          <reporter-output>
          </reporter-output>
        </test-method> <!-- setUpClass -->
        <test-method signature="runScenario(io.cucumber.testng.PickleWrapper,io.cucumber.testng.FeatureWrapper)[pri:0, instance:infynicucumberautomation.runners.Runner@b2c9a9c]" started-at="2023-10-20T07:23:19 EDT" name="runScenario" description="Runs Cucumber Scenarios" data-provider="scenarios" finished-at="2023-10-20T07:23:26 EDT" duration-ms="7234" status="PASS">
          <params>
            <param index="0">
              <value>
                <![CDATA["User should login successfully with valid data"]]>
              </value>
            </param>
            <param index="1">
              <value>
                <![CDATA["This feature runs for login page"]]>
              </value>
            </param>
          </params>
          <reporter-output>
          </reporter-output>
        </test-method> <!-- runScenario -->
        <test-method signature="runScenario(io.cucumber.testng.PickleWrapper,io.cucumber.testng.FeatureWrapper)[pri:0, instance:infynicucumberautomation.runners.Runner@b2c9a9c]" started-at="2023-10-20T07:23:26 EDT" name="runScenario" description="Runs Cucumber Scenarios" data-provider="scenarios" finished-at="2023-10-20T07:23:30 EDT" duration-ms="4424" status="PASS">
          <params>
            <param index="0">
              <value>
                <![CDATA["User should not login with Invalid data"]]>
              </value>
            </param>
            <param index="1">
              <value>
                <![CDATA["This feature runs for login page"]]>
              </value>
            </param>
          </params>
          <reporter-output>
          </reporter-output>
        </test-method> <!-- runScenario -->
        <test-method signature="runScenario(io.cucumber.testng.PickleWrapper,io.cucumber.testng.FeatureWrapper)[pri:0, instance:infynicucumberautomation.runners.Runner@b2c9a9c]" started-at="2023-10-20T07:23:30 EDT" name="runScenario" description="Runs Cucumber Scenarios" data-provider="scenarios" finished-at="2023-10-20T07:23:35 EDT" duration-ms="4462" status="PASS">
          <params>
            <param index="0">
              <value>
                <![CDATA["User should not login with Invalid data"]]>
              </value>
            </param>
            <param index="1">
              <value>
                <![CDATA["This feature runs for login page"]]>
              </value>
            </param>
          </params>
          <reporter-output>
          </reporter-output>
        </test-method> <!-- runScenario -->
        <test-method signature="runScenario(io.cucumber.testng.PickleWrapper,io.cucumber.testng.FeatureWrapper)[pri:0, instance:infynicucumberautomation.runners.Runner@b2c9a9c]" started-at="2023-10-20T07:23:35 EDT" name="runScenario" description="Runs Cucumber Scenarios" data-provider="scenarios" finished-at="2023-10-20T07:23:40 EDT" duration-ms="4738" status="PASS">
          <params>
            <param index="0">
              <value>
                <![CDATA["User should not login with Invalid data"]]>
              </value>
            </param>
            <param index="1">
              <value>
                <![CDATA["This feature runs for login page"]]>
              </value>
            </param>
          </params>
          <reporter-output>
          </reporter-output>
        </test-method> <!-- runScenario -->
        <test-method is-config="true" signature="tearDownClass()[pri:0, instance:infynicucumberautomation.runners.Runner@b2c9a9c]" started-at="2023-10-20T07:23:40 EDT" name="tearDownClass" finished-at="2023-10-20T07:23:40 EDT" duration-ms="34" status="PASS">
          <reporter-output>
          </reporter-output>
        </test-method> <!-- tearDownClass -->
      </class> <!-- infynicucumberautomation.runners.Runner -->
    </test> <!-- Default test -->
  </suite> <!-- Default suite -->
</testng-results>
