<?xml version="1.0" encoding="UTF-8"?>
<testng-results ignored="0" total="4" passed="4" failed="0" skipped="0">
  <reporter-output>
  </reporter-output>
  <suite started-at="2023-10-22T14:15:37 EDT" name="Regression Testing Suite" finished-at="2023-10-22T14:16:20 EDT" duration-ms="42827">
    <groups>
      <group name="cucumber">
        <method signature="AbstractTestNGCucumberTests.runScenario(io.cucumber.testng.PickleWrapper,io.cucumber.testng.FeatureWrapper)[pri:0, instance:infynicucumberautomation.runners.Runner@7817fd62]" name="runScenario" class="io.cucumber.testng.AbstractTestNGCucumberTests"/>
      </group> <!-- cucumber -->
    </groups>
    <test started-at="2023-10-22T14:15:37 EDT" name="Cucumber Test" finished-at="2023-10-22T14:16:20 EDT" duration-ms="42827">
      <class name="infynicucumberautomation.runners.Runner">
        <test-method is-config="true" signature="setUpClass(org.testng.ITestContext)[pri:0, instance:infynicucumberautomation.runners.Runner@7817fd62]" started-at="2023-10-22T14:15:37 EDT" name="setUpClass" finished-at="2023-10-22T14:15:38 EDT" duration-ms="1158" status="PASS">
          <params>
            <param index="0">
              <value>
                <![CDATA[org.testng.TestRunner@342beaf6]]>
              </value>
            </param>
          </params>
          <reporter-output>
          </reporter-output>
        </test-method> <!-- setUpClass -->
        <test-method signature="runScenario(io.cucumber.testng.PickleWrapper,io.cucumber.testng.FeatureWrapper)[pri:0, instance:infynicucumberautomation.runners.Runner@7817fd62]" started-at="2023-10-22T14:15:38 EDT" name="runScenario" description="Runs Cucumber Scenarios" data-provider="scenarios" finished-at="2023-10-22T14:15:53 EDT" duration-ms="15226" status="PASS">
          <params>
            <param index="0">
              <value>
                <![CDATA["User should login successfully with valid data"]]>
              </value>
            </param>
            <param index="1">
              <value>
                <![CDATA["This feature runs for login page"]]>
              </value>
            </param>
          </params>
          <reporter-output>
          </reporter-output>
        </test-method> <!-- runScenario -->
        <test-method signature="runScenario(io.cucumber.testng.PickleWrapper,io.cucumber.testng.FeatureWrapper)[pri:0, instance:infynicucumberautomation.runners.Runner@7817fd62]" started-at="2023-10-22T14:15:54 EDT" name="runScenario" description="Runs Cucumber Scenarios" data-provider="scenarios" finished-at="2023-10-22T14:16:08 EDT" duration-ms="14582" status="PASS">
          <params>
            <param index="0">
              <value>
                <![CDATA["User should not login with Invalid data"]]>
              </value>
            </param>
            <param index="1">
              <value>
                <![CDATA["This feature runs for login page"]]>
              </value>
            </param>
          </params>
          <reporter-output>
          </reporter-output>
        </test-method> <!-- runScenario -->
        <test-method signature="runScenario(io.cucumber.testng.PickleWrapper,io.cucumber.testng.FeatureWrapper)[pri:0, instance:infynicucumberautomation.runners.Runner@7817fd62]" started-at="2023-10-22T14:16:08 EDT" name="runScenario" description="Runs Cucumber Scenarios" data-provider="scenarios" finished-at="2023-10-22T14:16:13 EDT" duration-ms="5368" status="PASS">
          <params>
            <param index="0">
              <value>
                <![CDATA["User should not login with Invalid data"]]>
              </value>
            </param>
            <param index="1">
              <value>
                <![CDATA["This feature runs for login page"]]>
              </value>
            </param>
          </params>
          <reporter-output>
          </reporter-output>
        </test-method> <!-- runScenario -->
        <test-method signature="runScenario(io.cucumber.testng.PickleWrapper,io.cucumber.testng.FeatureWrapper)[pri:0, instance:infynicucumberautomation.runners.Runner@7817fd62]" started-at="2023-10-22T14:16:13 EDT" name="runScenario" description="Runs Cucumber Scenarios" data-provider="scenarios" finished-at="2023-10-22T14:16:19 EDT" duration-ms="5952" status="PASS">
          <params>
            <param index="0">
              <value>
                <![CDATA["User should not login with Invalid data"]]>
              </value>
            </param>
            <param index="1">
              <value>
                <![CDATA["This feature runs for login page"]]>
              </value>
            </param>
          </params>
          <reporter-output>
          </reporter-output>
        </test-method> <!-- runScenario -->
        <test-method is-config="true" signature="tearDownClass()[pri:0, instance:infynicucumberautomation.runners.Runner@7817fd62]" started-at="2023-10-22T14:16:20 EDT" name="tearDownClass" finished-at="2023-10-22T14:16:20 EDT" duration-ms="300" status="PASS">
          <reporter-output>
          </reporter-output>
        </test-method> <!-- tearDownClass -->
      </class> <!-- infynicucumberautomation.runners.Runner -->
    </test> <!-- Cucumber Test -->
  </suite> <!-- Regression Testing Suite -->
</testng-results>
